  MyForm.cpp
C:\Users\davle\Desktop\Study\curse3\VSprojects\SFMLstatic\KSKS\KSKS\MyForm.h(477,32): warning C4566: character represented by universal-character-name '\u041E' cannot be represented in the current code page (1252)
C:\Users\davle\Desktop\Study\curse3\VSprojects\SFMLstatic\KSKS\KSKS\MyForm.h(477,32): warning C4566: character represented by universal-character-name '\u0448' cannot be represented in the current code page (1252)
C:\Users\davle\Desktop\Study\curse3\VSprojects\SFMLstatic\KSKS\KSKS\MyForm.h(477,32): warning C4566: character represented by universal-character-name '\u0438' cannot be represented in the current code page (1252)
C:\Users\davle\Desktop\Study\curse3\VSprojects\SFMLstatic\KSKS\KSKS\MyForm.h(477,32): warning C4566: character represented by universal-character-name '\u0431' cannot be represented in the current code page (1252)
C:\Users\davle\Desktop\Study\curse3\VSprojects\SFMLstatic\KSKS\KSKS\MyForm.h(477,32): warning C4566: character represented by universal-character-name '\u043A' cannot be represented in the current code page (1252)
C:\Users\davle\Desktop\Study\curse3\VSprojects\SFMLstatic\KSKS\KSKS\MyForm.h(477,32): warning C4566: character represented by universal-character-name '\u0430' cannot be represented in the current code page (1252)
C:\Users\davle\Desktop\Study\curse3\VSprojects\SFMLstatic\KSKS\KSKS\MyForm.h(477,32): warning C4566: character represented by universal-character-name '\u041D' cannot be represented in the current code page (1252)
C:\Users\davle\Desktop\Study\curse3\VSprojects\SFMLstatic\KSKS\KSKS\MyForm.h(477,32): warning C4566: character represented by universal-character-name '\u0435' cannot be represented in the current code page (1252)
C:\Users\davle\Desktop\Study\curse3\VSprojects\SFMLstatic\KSKS\KSKS\MyForm.h(477,32): warning C4566: character represented by universal-character-name '\u0432' cannot be represented in the current code page (1252)
C:\Users\davle\Desktop\Study\curse3\VSprojects\SFMLstatic\KSKS\KSKS\MyForm.h(477,32): warning C4566: character represented by universal-character-name '\u0440' cannot be represented in the current code page (1252)
C:\Users\davle\Desktop\Study\curse3\VSprojects\SFMLstatic\KSKS\KSKS\MyForm.h(477,32): warning C4566: character represented by universal-character-name '\u043D' cannot be represented in the current code page (1252)
C:\Users\davle\Desktop\Study\curse3\VSprojects\SFMLstatic\KSKS\KSKS\MyForm.h(477,32): warning C4566: character represented by universal-character-name '\u044F' cannot be represented in the current code page (1252)
C:\Users\davle\Desktop\Study\curse3\VSprojects\SFMLstatic\KSKS\KSKS\MyForm.h(477,32): warning C4566: character represented by universal-character-name '\u043E' cannot be represented in the current code page (1252)
C:\Users\davle\Desktop\Study\curse3\VSprojects\SFMLstatic\KSKS\KSKS\MyForm.h(477,32): warning C4566: character represented by universal-character-name '\u043C' cannot be represented in the current code page (1252)
C:\Users\davle\Desktop\Study\curse3\VSprojects\SFMLstatic\KSKS\KSKS\MyForm.h(477,32): warning C4566: character represented by universal-character-name '\u0434' cannot be represented in the current code page (1252)
C:\Users\davle\Desktop\Study\curse3\VSprojects\SFMLstatic\KSKS\KSKS\MyForm.h(478,32): warning C4566: character represented by universal-character-name '\u041E' cannot be represented in the current code page (1252)
C:\Users\davle\Desktop\Study\curse3\VSprojects\SFMLstatic\KSKS\KSKS\MyForm.h(478,32): warning C4566: character represented by universal-character-name '\u0448' cannot be represented in the current code page (1252)
C:\Users\davle\Desktop\Study\curse3\VSprojects\SFMLstatic\KSKS\KSKS\MyForm.h(478,32): warning C4566: character represented by universal-character-name '\u0438' cannot be represented in the current code page (1252)
C:\Users\davle\Desktop\Study\curse3\VSprojects\SFMLstatic\KSKS\KSKS\MyForm.h(478,32): warning C4566: character represented by universal-character-name '\u0431' cannot be represented in the current code page (1252)
C:\Users\davle\Desktop\Study\curse3\VSprojects\SFMLstatic\KSKS\KSKS\MyForm.h(478,32): warning C4566: character represented by universal-character-name '\u043A' cannot be represented in the current code page (1252)
C:\Users\davle\Desktop\Study\curse3\VSprojects\SFMLstatic\KSKS\KSKS\MyForm.h(478,32): warning C4566: character represented by universal-character-name '\u0430' cannot be represented in the current code page (1252)
C:\Users\davle\Desktop\Study\curse3\VSprojects\SFMLstatic\KSKS\KSKS\MyForm.h(478,32): warning C4566: character represented by universal-character-name '\u041D' cannot be represented in the current code page (1252)
C:\Users\davle\Desktop\Study\curse3\VSprojects\SFMLstatic\KSKS\KSKS\MyForm.h(478,32): warning C4566: character represented by universal-character-name '\u0435' cannot be represented in the current code page (1252)
C:\Users\davle\Desktop\Study\curse3\VSprojects\SFMLstatic\KSKS\KSKS\MyForm.h(478,32): warning C4566: character represented by universal-character-name '\u0432' cannot be represented in the current code page (1252)
C:\Users\davle\Desktop\Study\curse3\VSprojects\SFMLstatic\KSKS\KSKS\MyForm.h(478,32): warning C4566: character represented by universal-character-name '\u0440' cannot be represented in the current code page (1252)
C:\Users\davle\Desktop\Study\curse3\VSprojects\SFMLstatic\KSKS\KSKS\MyForm.h(478,32): warning C4566: character represented by universal-character-name '\u043D' cannot be represented in the current code page (1252)
C:\Users\davle\Desktop\Study\curse3\VSprojects\SFMLstatic\KSKS\KSKS\MyForm.h(478,32): warning C4566: character represented by universal-character-name '\u044F' cannot be represented in the current code page (1252)
C:\Users\davle\Desktop\Study\curse3\VSprojects\SFMLstatic\KSKS\KSKS\MyForm.h(478,32): warning C4566: character represented by universal-character-name '\u043E' cannot be represented in the current code page (1252)
C:\Users\davle\Desktop\Study\curse3\VSprojects\SFMLstatic\KSKS\KSKS\MyForm.h(478,32): warning C4566: character represented by universal-character-name '\u043C' cannot be represented in the current code page (1252)
C:\Users\davle\Desktop\Study\curse3\VSprojects\SFMLstatic\KSKS\KSKS\MyForm.h(478,32): warning C4566: character represented by universal-character-name '\u0434' cannot be represented in the current code page (1252)
C:\Users\davle\Desktop\Study\curse3\VSprojects\SFMLstatic\KSKS\KSKS\MyForm.h(221,61): warning C4244: 'argument': conversion from 'int' to 'float', possible loss of data
C:\Users\davle\Desktop\Study\curse3\VSprojects\SFMLstatic\KSKS\KSKS\MyForm.h(224,71): warning C4244: 'argument': conversion from 'int' to 'float', possible loss of data
C:\Users\davle\Desktop\Study\curse3\VSprojects\SFMLstatic\KSKS\KSKS\MyForm.h(227,67): warning C4244: 'argument': conversion from 'int' to 'float', possible loss of data
C:\Users\davle\Desktop\Study\curse3\VSprojects\SFMLstatic\KSKS\KSKS\MyForm.h(230,63): warning C4244: 'argument': conversion from 'int' to 'float', possible loss of data
C:\Users\davle\Desktop\Study\curse3\VSprojects\SFMLstatic\KSKS\KSKS\MyForm.h(233,62): warning C4244: 'argument': conversion from 'int' to 'float', possible loss of data
C:\Users\davle\Desktop\Study\curse3\VSprojects\SFMLstatic\KSKS\KSKS\MyForm.h(236,69): warning C4244: 'argument': conversion from 'int' to 'float', possible loss of data
C:\Users\davle\Desktop\Study\curse3\VSprojects\SFMLstatic\KSKS\KSKS\MyForm.h(243,49): warning C4244: 'argument': conversion from 'int' to 'float', possible loss of data
C:\Users\davle\Desktop\Study\curse3\VSprojects\SFMLstatic\KSKS\KSKS\MyForm.h(243,46): warning C4244: 'argument': conversion from 'int' to 'float', possible loss of data
C:\Users\davle\Desktop\Study\curse3\VSprojects\SFMLstatic\KSKS\KSKS\MyForm.h(558,61): warning C4101: 'e': unreferenced local variable
C:\Users\davle\Desktop\Study\curse3\VSprojects\SFMLstatic\KSKS\KSKS\MyForm.h(580,61): warning C4101: 'e': unreferenced local variable
  MyForm.obj : MSIL module encountered; incremental linking is disabled for MSIL; performing full link
  KSKS.vcxproj -> C:\Users\davle\Desktop\Study\curse3\VSprojects\SFMLstatic\KSKS\x64\Debug\KSKS.exe
